2025-11-28 13:25 - INFO - Starting Bluesky Firehose ingestion...
2025-11-28 13:26 - INFO - >>> 1,000 posts ingested so far...
2025-11-28 13:28 - INFO - >>> 2,000 posts ingested so far...
2025-11-28 13:29 - INFO - >>> 3,000 posts ingested so far...
2025-11-28 13:29 - ERROR - Fatal error: XrpcError(error='ConsumerTooSlow', message='')
Traceback (most recent call last):
  File "/Users/td/reddit_toxicity/scripts/load_firehose.py", line 127, in main
    client.start(on_message_handler)
    ~~~~~~~~~~~~^^^^^^^^^^^^^^^^^^^^
  File "/Users/td/reddit_toxicity/.venv/lib/python3.13/site-packages/atproto_firehose/client.py", line 215, in start
    should_stop = _handle_websocket_error_or_stop(e)
  File "/Users/td/reddit_toxicity/.venv/lib/python3.13/site-packages/atproto_firehose/client.py", line 79, in _handle_websocket_error_or_stop
    raise exception
  File "/Users/td/reddit_toxicity/.venv/lib/python3.13/site-packages/atproto_firehose/client.py", line 211, in start
    _handle_frame_decoding_error(e)
    ~~~~~~~~~~~~~~~~~~~~~~~~~~~~^^^
  File "/Users/td/reddit_toxicity/.venv/lib/python3.13/site-packages/atproto_firehose/client.py", line 68, in _handle_frame_decoding_error
    raise exception
  File "/Users/td/reddit_toxicity/.venv/lib/python3.13/site-packages/atproto_firehose/client.py", line 208, in start
    frame = _get_message_frame_from_bytes_or_raise(raw_frame)
  File "/Users/td/reddit_toxicity/.venv/lib/python3.13/site-packages/atproto_firehose/client.py", line 87, in _get_message_frame_from_bytes_or_raise
    raise FirehoseError(XrpcError(frame.body.error, frame.body.message))
atproto_firehose.exceptions.FirehoseError: XrpcError(error='ConsumerTooSlow', message='')
2025-11-28 13:29 - INFO - Done. Total posts ingested: 3,206
2025-11-28 13:32 - INFO - Starting Bluesky Firehose ingestion...
2025-11-28 13:34 - INFO - >>> 1,000 posts ingested so far...
2025-11-28 13:35 - INFO - >>> 2,000 posts ingested so far...
2025-11-28 13:36 - ERROR - Firehose disconnected: XrpcError(error='ConsumerTooSlow', message='')
2025-11-28 13:36 - INFO - Reconnecting in 2 seconds...
2025-11-28 13:37 - INFO - >>> 3,000 posts ingested so far...
2025-11-28 13:39 - INFO - >>> 4,000 posts ingested so far...
2025-11-28 13:40 - INFO - >>> 5,000 posts ingested so far...
2025-11-28 13:40 - ERROR - Firehose disconnected: XrpcError(error='ConsumerTooSlow', message='')
2025-11-28 13:40 - INFO - Reconnecting in 2 seconds...
2025-11-28 13:41 - INFO - >>> 6,000 posts ingested so far...
2025-11-28 13:41 - INFO - >>> 7,000 posts ingested so far...
2025-11-28 13:42 - INFO - >>> 8,000 posts ingested so far...
2025-11-28 13:42 - INFO - >>> 9,000 posts ingested so far...
2025-11-28 13:42 - INFO - >>> 10,000 posts ingested so far...
2025-11-28 13:43 - INFO - >>> 11,000 posts ingested so far...
2025-11-28 13:43 - INFO - >>> 12,000 posts ingested so far...
2025-11-28 13:44 - INFO - >>> 13,000 posts ingested so far...
2025-11-28 13:44 - INFO - >>> 14,000 posts ingested so far...
2025-11-28 13:44 - INFO - >>> 15,000 posts ingested so far...
2025-11-28 13:45 - INFO - >>> 16,000 posts ingested so far...
2025-11-28 13:45 - INFO - >>> 17,000 posts ingested so far...
2025-11-28 13:46 - INFO - >>> 18,000 posts ingested so far...
2025-11-28 13:46 - INFO - >>> 19,000 posts ingested so far...
2025-11-28 13:46 - INFO - >>> 20,000 posts ingested so far...
2025-11-28 13:47 - INFO - >>> 21,000 posts ingested so far...
2025-11-28 13:47 - INFO - >>> 22,000 posts ingested so far...
2025-11-28 13:48 - INFO - >>> 23,000 posts ingested so far...
2025-11-28 13:48 - INFO - >>> 24,000 posts ingested so far...
2025-11-28 13:48 - INFO - >>> 25,000 posts ingested so far...
2025-11-28 13:49 - INFO - >>> 26,000 posts ingested so far...
2025-11-28 13:49 - INFO - >>> 27,000 posts ingested so far...
2025-11-28 13:50 - INFO - >>> 28,000 posts ingested so far...
2025-11-28 13:50 - INFO - >>> 29,000 posts ingested so far...
2025-11-28 13:51 - INFO - >>> 30,000 posts ingested so far...
2025-11-28 13:51 - INFO - >>> 31,000 posts ingested so far...
2025-11-28 13:51 - INFO - >>> 32,000 posts ingested so far...
2025-11-28 13:52 - INFO - >>> 33,000 posts ingested so far...
2025-11-28 13:52 - INFO - >>> 34,000 posts ingested so far...
2025-11-28 13:53 - INFO - >>> 35,000 posts ingested so far...
2025-11-28 13:53 - INFO - >>> 36,000 posts ingested so far...
2025-11-28 13:53 - INFO - >>> 37,000 posts ingested so far...
2025-11-28 13:54 - INFO - >>> 38,000 posts ingested so far...
2025-11-28 13:54 - INFO - >>> 39,000 posts ingested so far...
2025-11-28 13:55 - INFO - >>> 40,000 posts ingested so far...
2025-11-28 13:55 - INFO - >>> 41,000 posts ingested so far...
2025-11-28 13:56 - INFO - >>> 42,000 posts ingested so far...
2025-11-28 13:56 - INFO - >>> 43,000 posts ingested so far...
2025-11-28 13:56 - INFO - >>> 44,000 posts ingested so far...
2025-11-28 13:57 - INFO - >>> 45,000 posts ingested so far...
2025-11-28 13:57 - INFO - >>> 46,000 posts ingested so far...
2025-11-28 13:57 - INFO - >>> 47,000 posts ingested so far...
2025-11-28 13:58 - INFO - >>> 48,000 posts ingested so far...
2025-11-28 13:58 - INFO - >>> 49,000 posts ingested so far...
2025-11-28 13:59 - INFO - >>> 50,000 posts ingested so far...
2025-11-28 13:59 - INFO - >>> 51,000 posts ingested so far...
2025-11-28 14:00 - INFO - >>> 52,000 posts ingested so far...
2025-11-28 14:00 - INFO - >>> 53,000 posts ingested so far...
2025-11-28 14:00 - INFO - >>> 54,000 posts ingested so far...
2025-11-28 14:00 - INFO - >>> 55,000 posts ingested so far...
2025-11-28 14:00 - INFO - >>> 56,000 posts ingested so far...
2025-11-28 14:01 - INFO - >>> 57,000 posts ingested so far...
2025-11-28 14:01 - INFO - >>> 58,000 posts ingested so far...
2025-11-28 14:01 - INFO - >>> 59,000 posts ingested so far...
2025-11-28 14:02 - INFO - >>> 60,000 posts ingested so far...
2025-11-28 14:02 - INFO - >>> 61,000 posts ingested so far...
2025-11-28 14:03 - INFO - >>> 62,000 posts ingested so far...
2025-11-28 14:03 - INFO - >>> 63,000 posts ingested so far...
2025-11-28 14:03 - INFO - >>> 64,000 posts ingested so far...
2025-11-28 14:04 - INFO - >>> 65,000 posts ingested so far...
2025-11-28 14:04 - INFO - >>> 66,000 posts ingested so far...
2025-11-28 14:04 - INFO - >>> 67,000 posts ingested so far...
2025-11-28 14:05 - INFO - >>> 68,000 posts ingested so far...
2025-11-28 14:05 - INFO - >>> 69,000 posts ingested so far...
2025-11-28 14:06 - INFO - >>> 70,000 posts ingested so far...
2025-11-28 14:06 - INFO - >>> 71,000 posts ingested so far...
2025-11-28 14:06 - INFO - >>> 72,000 posts ingested so far...
2025-11-28 14:07 - INFO - >>> 73,000 posts ingested so far...
2025-11-28 14:07 - INFO - >>> 74,000 posts ingested so far...
2025-11-28 14:08 - INFO - >>> 75,000 posts ingested so far...
2025-11-28 14:08 - INFO - >>> 76,000 posts ingested so far...
2025-11-28 14:08 - INFO - >>> 77,000 posts ingested so far...
2025-11-28 14:09 - INFO - >>> 78,000 posts ingested so far...
2025-11-28 14:09 - INFO - >>> 79,000 posts ingested so far...
2025-11-28 14:09 - INFO - >>> 80,000 posts ingested so far...
2025-11-28 14:10 - INFO - >>> 81,000 posts ingested so far...
2025-11-28 14:10 - INFO - >>> 82,000 posts ingested so far...
2025-11-28 14:11 - INFO - >>> 83,000 posts ingested so far...
2025-11-28 14:11 - INFO - >>> 84,000 posts ingested so far...
2025-11-28 14:11 - INFO - >>> 85,000 posts ingested so far...
2025-11-28 14:12 - INFO - >>> 86,000 posts ingested so far...
2025-11-28 14:12 - INFO - >>> 87,000 posts ingested so far...
2025-11-28 14:13 - INFO - >>> 88,000 posts ingested so far...
2025-11-28 14:13 - INFO - >>> 89,000 posts ingested so far...
2025-11-28 14:13 - INFO - >>> 90,000 posts ingested so far...
2025-11-28 14:14 - INFO - >>> 91,000 posts ingested so far...
2025-11-28 14:14 - INFO - >>> 92,000 posts ingested so far...
2025-11-28 14:15 - INFO - >>> 93,000 posts ingested so far...
2025-11-28 14:15 - INFO - >>> 94,000 posts ingested so far...
2025-11-28 14:15 - INFO - >>> 95,000 posts ingested so far...
2025-11-28 14:16 - INFO - >>> 96,000 posts ingested so far...
2025-11-28 14:16 - INFO - >>> 97,000 posts ingested so far...
2025-11-28 14:16 - INFO - >>> 98,000 posts ingested so far...
2025-11-28 14:17 - INFO - >>> 99,000 posts ingested so far...
2025-11-28 14:17 - INFO - >>> 100,000 posts ingested so far...
2025-11-28 14:18 - INFO - >>> 101,000 posts ingested so far...
2025-11-28 14:18 - INFO - >>> 102,000 posts ingested so far...
2025-11-28 14:18 - INFO - >>> 103,000 posts ingested so far...
2025-11-28 14:19 - INFO - >>> 104,000 posts ingested so far...
2025-11-28 14:19 - INFO - >>> 105,000 posts ingested so far...
2025-11-28 14:20 - INFO - >>> 106,000 posts ingested so far...
2025-11-28 14:20 - INFO - >>> 107,000 posts ingested so far...
2025-11-28 14:20 - INFO - >>> 108,000 posts ingested so far...
2025-11-28 14:21 - INFO - >>> 109,000 posts ingested so far...
2025-11-28 14:21 - INFO - >>> 110,000 posts ingested so far...
2025-11-28 14:22 - INFO - >>> 111,000 posts ingested so far...
2025-11-28 14:22 - INFO - >>> 112,000 posts ingested so far...
2025-11-28 14:22 - INFO - >>> 113,000 posts ingested so far...
2025-11-28 14:23 - INFO - >>> 114,000 posts ingested so far...
2025-11-28 14:23 - INFO - >>> 115,000 posts ingested so far...
2025-11-28 14:24 - INFO - >>> 116,000 posts ingested so far...
2025-11-28 14:24 - INFO - >>> 117,000 posts ingested so far...
2025-11-28 14:24 - INFO - >>> 118,000 posts ingested so far...
2025-11-28 14:25 - INFO - >>> 119,000 posts ingested so far...
2025-11-28 14:25 - INFO - >>> 120,000 posts ingested so far...
2025-11-28 14:26 - INFO - >>> 121,000 posts ingested so far...
2025-11-28 14:26 - INFO - >>> 122,000 posts ingested so far...
2025-11-28 14:26 - INFO - >>> 123,000 posts ingested so far...
2025-11-28 14:27 - INFO - >>> 124,000 posts ingested so far...
2025-11-28 14:27 - INFO - >>> 125,000 posts ingested so far...
2025-11-28 14:28 - INFO - >>> 126,000 posts ingested so far...
2025-11-28 14:28 - INFO - >>> 127,000 posts ingested so far...
2025-11-28 14:28 - INFO - >>> 128,000 posts ingested so far...
2025-11-28 14:29 - INFO - >>> 129,000 posts ingested so far...
2025-11-28 14:29 - INFO - >>> 130,000 posts ingested so far...
2025-11-28 14:30 - INFO - >>> 131,000 posts ingested so far...
2025-11-28 14:30 - INFO - >>> 132,000 posts ingested so far...
2025-11-28 14:30 - INFO - >>> 133,000 posts ingested so far...
2025-11-28 14:31 - INFO - >>> 134,000 posts ingested so far...
2025-11-28 14:31 - INFO - >>> 135,000 posts ingested so far...
2025-11-28 14:31 - INFO - >>> 136,000 posts ingested so far...
2025-11-28 14:32 - INFO - >>> 137,000 posts ingested so far...
2025-11-28 14:32 - INFO - >>> 138,000 posts ingested so far...
2025-11-28 14:33 - INFO - >>> 139,000 posts ingested so far...
2025-11-28 14:33 - INFO - >>> 140,000 posts ingested so far...
2025-11-28 14:33 - INFO - >>> 141,000 posts ingested so far...
2025-11-28 14:34 - INFO - >>> 142,000 posts ingested so far...
2025-11-28 14:34 - INFO - >>> 143,000 posts ingested so far...
2025-11-28 14:35 - INFO - >>> 144,000 posts ingested so far...
2025-11-28 14:35 - INFO - >>> 145,000 posts ingested so far...
2025-11-28 14:35 - INFO - >>> 146,000 posts ingested so far...
2025-11-28 14:36 - INFO - >>> 147,000 posts ingested so far...
2025-11-28 14:36 - INFO - >>> 148,000 posts ingested so far...
2025-11-28 14:37 - INFO - >>> 149,000 posts ingested so far...
2025-11-28 14:37 - INFO - >>> 150,000 posts ingested so far...
2025-11-28 14:37 - INFO - >>> 151,000 posts ingested so far...
2025-11-28 14:38 - INFO - >>> 152,000 posts ingested so far...
2025-11-28 14:38 - INFO - >>> 153,000 posts ingested so far...
2025-11-28 14:39 - INFO - >>> 154,000 posts ingested so far...
2025-11-28 14:39 - INFO - >>> 155,000 posts ingested so far...
2025-11-28 14:39 - INFO - >>> 156,000 posts ingested so far...
2025-11-28 14:40 - INFO - >>> 157,000 posts ingested so far...
2025-11-28 14:40 - INFO - >>> 158,000 posts ingested so far...
2025-11-28 14:41 - INFO - >>> 159,000 posts ingested so far...
2025-11-28 14:41 - INFO - >>> 160,000 posts ingested so far...
2025-11-28 14:41 - INFO - >>> 161,000 posts ingested so far...
2025-11-28 14:42 - INFO - >>> 162,000 posts ingested so far...
2025-11-28 14:42 - INFO - >>> 163,000 posts ingested so far...
2025-11-28 14:43 - INFO - >>> 164,000 posts ingested so far...
2025-11-28 14:43 - INFO - >>> 165,000 posts ingested so far...
2025-11-28 14:43 - INFO - >>> 166,000 posts ingested so far...
2025-11-28 14:44 - INFO - >>> 167,000 posts ingested so far...
2025-11-28 14:44 - INFO - >>> 168,000 posts ingested so far...
2025-11-28 14:44 - INFO - >>> 169,000 posts ingested so far...
2025-11-28 14:45 - INFO - >>> 170,000 posts ingested so far...
2025-11-28 14:45 - INFO - >>> 171,000 posts ingested so far...
2025-11-28 14:46 - INFO - >>> 172,000 posts ingested so far...
2025-11-28 14:46 - INFO - >>> 173,000 posts ingested so far...
2025-11-28 14:46 - INFO - >>> 174,000 posts ingested so far...
2025-11-28 14:47 - INFO - >>> 175,000 posts ingested so far...
2025-11-28 14:47 - INFO - >>> 176,000 posts ingested so far...
2025-11-28 14:47 - INFO - >>> 177,000 posts ingested so far...
2025-11-28 14:48 - INFO - >>> 178,000 posts ingested so far...
2025-11-28 14:48 - INFO - >>> 179,000 posts ingested so far...
2025-11-28 14:49 - INFO - >>> 180,000 posts ingested so far...
2025-11-28 14:49 - INFO - >>> 181,000 posts ingested so far...
2025-11-28 14:49 - INFO - >>> 182,000 posts ingested so far...
2025-11-28 14:50 - INFO - >>> 183,000 posts ingested so far...
2025-11-28 14:50 - INFO - >>> 184,000 posts ingested so far...
2025-11-28 14:50 - INFO - >>> 185,000 posts ingested so far...
2025-11-28 14:51 - INFO - >>> 186,000 posts ingested so far...
2025-11-28 14:51 - INFO - >>> 187,000 posts ingested so far...
2025-11-28 14:52 - INFO - >>> 188,000 posts ingested so far...
2025-11-28 14:52 - INFO - >>> 189,000 posts ingested so far...
2025-11-28 14:53 - INFO - >>> 190,000 posts ingested so far...
2025-11-28 14:53 - INFO - >>> 191,000 posts ingested so far...
2025-11-28 14:53 - INFO - >>> 192,000 posts ingested so far...
2025-11-28 14:54 - INFO - >>> 193,000 posts ingested so far...
2025-11-28 14:54 - INFO - >>> 194,000 posts ingested so far...
2025-11-28 14:54 - INFO - >>> 195,000 posts ingested so far...
2025-11-28 14:55 - INFO - >>> 196,000 posts ingested so far...
2025-11-28 14:55 - INFO - >>> 197,000 posts ingested so far...
2025-11-28 14:56 - INFO - >>> 198,000 posts ingested so far...
2025-11-28 14:56 - INFO - >>> 199,000 posts ingested so far...
2025-11-28 14:56 - INFO - >>> 200,000 posts ingested so far...
2025-11-28 14:57 - INFO - >>> 201,000 posts ingested so far...
2025-11-28 14:57 - INFO - >>> 202,000 posts ingested so far...
2025-11-28 14:58 - INFO - >>> 203,000 posts ingested so far...
2025-11-28 14:58 - INFO - >>> 204,000 posts ingested so far...
2025-11-28 14:58 - INFO - >>> 205,000 posts ingested so far...
2025-11-28 14:59 - INFO - >>> 206,000 posts ingested so far...
2025-11-28 14:59 - INFO - >>> 207,000 posts ingested so far...
2025-11-28 15:00 - INFO - >>> 208,000 posts ingested so far...
2025-11-28 15:00 - INFO - >>> 209,000 posts ingested so far...
2025-11-28 15:00 - INFO - >>> 210,000 posts ingested so far...
2025-11-28 15:00 - INFO - >>> 211,000 posts ingested so far...
2025-11-28 15:01 - INFO - >>> 212,000 posts ingested so far...
2025-11-28 15:01 - INFO - >>> 213,000 posts ingested so far...
2025-11-28 15:01 - INFO - >>> 214,000 posts ingested so far...
2025-11-28 15:02 - INFO - >>> 215,000 posts ingested so far...
2025-11-28 15:02 - INFO - >>> 216,000 posts ingested so far...
2025-11-28 15:02 - INFO - >>> 217,000 posts ingested so far...
2025-11-28 15:03 - INFO - >>> 218,000 posts ingested so far...
2025-11-28 15:03 - INFO - >>> 219,000 posts ingested so far...
2025-11-28 15:03 - INFO - >>> 220,000 posts ingested so far...
2025-11-28 15:04 - INFO - >>> 221,000 posts ingested so far...
2025-11-28 15:04 - INFO - >>> 222,000 posts ingested so far...
2025-11-28 15:05 - INFO - >>> 223,000 posts ingested so far...
2025-11-28 15:05 - INFO - >>> 224,000 posts ingested so far...
2025-11-28 15:05 - INFO - >>> 225,000 posts ingested so far...
2025-11-28 15:06 - INFO - >>> 226,000 posts ingested so far...
2025-11-28 15:06 - INFO - >>> 227,000 posts ingested so far...
2025-11-28 15:07 - INFO - >>> 228,000 posts ingested so far...
2025-11-28 15:07 - INFO - >>> 229,000 posts ingested so far...
2025-11-28 15:07 - INFO - >>> 230,000 posts ingested so far...
2025-11-28 15:08 - INFO - >>> 231,000 posts ingested so far...
2025-11-28 15:08 - INFO - >>> 232,000 posts ingested so far...
2025-11-28 15:08 - INFO - >>> 233,000 posts ingested so far...
2025-11-28 15:09 - INFO - >>> 234,000 posts ingested so far...
2025-11-28 15:09 - INFO - >>> 235,000 posts ingested so far...
2025-11-28 15:10 - INFO - >>> 236,000 posts ingested so far...
2025-11-28 15:10 - INFO - >>> 237,000 posts ingested so far...
2025-11-28 15:10 - INFO - >>> 238,000 posts ingested so far...
2025-11-28 15:11 - INFO - >>> 239,000 posts ingested so far...
2025-11-28 15:11 - INFO - >>> 240,000 posts ingested so far...
2025-11-28 15:12 - INFO - >>> 241,000 posts ingested so far...
2025-11-28 15:12 - INFO - >>> 242,000 posts ingested so far...
2025-11-28 15:12 - INFO - >>> 243,000 posts ingested so far...
2025-11-28 15:13 - INFO - >>> 244,000 posts ingested so far...
2025-11-28 15:13 - INFO - >>> 245,000 posts ingested so far...
2025-11-28 15:14 - INFO - >>> 246,000 posts ingested so far...
2025-11-28 15:14 - INFO - >>> 247,000 posts ingested so far...
2025-11-28 15:14 - INFO - >>> 248,000 posts ingested so far...
2025-11-28 15:15 - INFO - >>> 249,000 posts ingested so far...
2025-11-28 15:15 - INFO - >>> 250,000 posts ingested so far...
2025-11-28 15:15 - INFO - Reached 250,000. Stopping.
2025-11-28 15:15 - INFO - Done. Total posts ingested: 250,000
2025-11-29 11:04 - INFO - DuckDB connected and raw_firehose table ready.
2025-11-29 11:04 - INFO - Starting Bluesky Firehose ingestion...
2025-11-29 11:04 - INFO - >>> 1,000 posts ingested...
2025-11-29 11:05 - INFO - >>> 2,000 posts ingested...
2025-11-29 11:05 - INFO - >>> 3,000 posts ingested...
2025-11-29 11:05 - INFO - >>> 4,000 posts ingested...
2025-11-29 11:06 - INFO - >>> 5,000 posts ingested...
2025-11-29 11:06 - INFO - >>> 6,000 posts ingested...
2025-11-29 11:06 - INFO - >>> 7,000 posts ingested...
2025-11-29 11:07 - INFO - >>> 8,000 posts ingested...
2025-11-29 11:07 - INFO - >>> 9,000 posts ingested...
2025-11-29 11:08 - INFO - >>> 10,000 posts ingested...
2025-11-29 11:08 - INFO - >>> 11,000 posts ingested...
2025-11-29 11:09 - INFO - DuckDB connected and raw_firehose table ready.
2025-11-29 11:09 - INFO - Starting Bluesky Firehose ingestion...
2025-11-29 11:12 - INFO - DuckDB connected — raw_firehose table reset and ready.
2025-11-29 11:12 - INFO - Starting Bluesky Firehose ingestion...
2025-11-29 11:13 - INFO - >>> 1,000 posts ingested...
2025-11-29 11:13 - INFO - >>> 2,000 posts ingested...
2025-11-29 11:14 - INFO - >>> 3,000 posts ingested...
2025-11-29 11:14 - INFO - >>> 4,000 posts ingested...
2025-11-29 11:14 - INFO - >>> 5,000 posts ingested...
2025-11-29 11:15 - INFO - >>> 6,000 posts ingested...
2025-11-29 11:15 - INFO - >>> 7,000 posts ingested...
2025-11-29 11:15 - INFO - >>> 8,000 posts ingested...
2025-11-29 11:16 - INFO - >>> 9,000 posts ingested...
2025-11-29 11:16 - INFO - >>> 10,000 posts ingested...
2025-11-29 11:16 - INFO - >>> 11,000 posts ingested...
2025-11-29 11:17 - INFO - >>> 12,000 posts ingested...
2025-11-29 11:17 - INFO - >>> 13,000 posts ingested...
2025-11-29 11:18 - INFO - >>> 14,000 posts ingested...
2025-11-29 11:18 - INFO - >>> 15,000 posts ingested...
2025-11-29 11:18 - INFO - >>> 16,000 posts ingested...
2025-11-29 11:19 - INFO - >>> 17,000 posts ingested...
2025-11-29 11:19 - INFO - >>> 18,000 posts ingested...
2025-11-29 11:19 - INFO - >>> 19,000 posts ingested...
2025-11-29 11:20 - INFO - >>> 20,000 posts ingested...
2025-11-29 11:20 - INFO - >>> 21,000 posts ingested...
2025-11-29 11:20 - INFO - >>> 22,000 posts ingested...
2025-11-29 11:21 - INFO - >>> 23,000 posts ingested...
2025-11-29 11:21 - INFO - >>> 24,000 posts ingested...
2025-11-29 11:22 - INFO - >>> 25,000 posts ingested...
2025-11-29 11:22 - INFO - >>> 26,000 posts ingested...
2025-11-29 11:22 - INFO - >>> 27,000 posts ingested...
2025-11-29 11:23 - INFO - >>> 28,000 posts ingested...
2025-11-29 11:23 - INFO - >>> 29,000 posts ingested...
2025-11-29 11:23 - INFO - >>> 30,000 posts ingested...
2025-11-29 11:24 - INFO - >>> 31,000 posts ingested...
2025-11-29 11:24 - INFO - >>> 32,000 posts ingested...
2025-11-29 11:25 - INFO - >>> 33,000 posts ingested...
2025-11-29 11:25 - INFO - >>> 34,000 posts ingested...
2025-11-29 11:25 - INFO - >>> 35,000 posts ingested...
2025-11-29 11:26 - INFO - >>> 36,000 posts ingested...
2025-11-29 11:26 - INFO - >>> 37,000 posts ingested...
2025-11-29 11:27 - INFO - >>> 38,000 posts ingested...
2025-11-29 11:27 - INFO - >>> 39,000 posts ingested...
2025-11-29 11:27 - INFO - >>> 40,000 posts ingested...
2025-11-29 11:28 - INFO - >>> 41,000 posts ingested...
2025-11-29 11:28 - INFO - >>> 42,000 posts ingested...
2025-11-29 11:28 - INFO - >>> 43,000 posts ingested...
2025-11-29 11:29 - INFO - >>> 44,000 posts ingested...
2025-11-29 11:29 - INFO - >>> 45,000 posts ingested...
2025-11-29 11:30 - INFO - >>> 46,000 posts ingested...
2025-11-29 11:30 - INFO - >>> 47,000 posts ingested...
2025-11-29 11:30 - INFO - >>> 48,000 posts ingested...
2025-11-29 11:31 - INFO - >>> 49,000 posts ingested...
2025-11-29 11:31 - INFO - >>> 50,000 posts ingested...
2025-11-29 11:31 - INFO - >>> 51,000 posts ingested...
2025-11-29 11:32 - INFO - >>> 52,000 posts ingested...
2025-11-29 11:32 - INFO - >>> 53,000 posts ingested...
2025-11-29 11:32 - INFO - >>> 54,000 posts ingested...
2025-11-29 11:33 - INFO - >>> 55,000 posts ingested...
2025-11-29 11:33 - INFO - >>> 56,000 posts ingested...
2025-11-29 11:34 - INFO - >>> 57,000 posts ingested...
2025-11-29 11:34 - INFO - >>> 58,000 posts ingested...
2025-11-29 11:34 - INFO - >>> 59,000 posts ingested...
2025-11-29 11:35 - INFO - >>> 60,000 posts ingested...
2025-11-29 11:35 - INFO - >>> 61,000 posts ingested...
2025-11-29 11:35 - INFO - >>> 62,000 posts ingested...
2025-11-29 11:36 - INFO - >>> 63,000 posts ingested...
2025-11-29 11:36 - INFO - >>> 64,000 posts ingested...
2025-11-29 11:37 - INFO - >>> 65,000 posts ingested...
2025-11-29 11:37 - INFO - >>> 66,000 posts ingested...
2025-11-29 11:37 - INFO - >>> 67,000 posts ingested...
2025-11-29 11:38 - INFO - >>> 68,000 posts ingested...
2025-11-29 11:38 - INFO - >>> 69,000 posts ingested...
2025-11-29 11:38 - INFO - >>> 70,000 posts ingested...
2025-11-29 11:39 - INFO - >>> 71,000 posts ingested...
2025-11-29 11:39 - INFO - >>> 72,000 posts ingested...
2025-11-29 11:40 - INFO - >>> 73,000 posts ingested...
2025-11-29 11:40 - INFO - >>> 74,000 posts ingested...
2025-11-29 11:40 - INFO - >>> 75,000 posts ingested...
2025-11-29 11:41 - INFO - >>> 76,000 posts ingested...
2025-11-29 11:41 - INFO - >>> 77,000 posts ingested...
2025-11-29 11:42 - INFO - >>> 78,000 posts ingested...
2025-11-29 11:42 - INFO - >>> 79,000 posts ingested...
2025-11-29 11:42 - INFO - >>> 80,000 posts ingested...
2025-11-29 11:43 - INFO - >>> 81,000 posts ingested...
2025-11-29 11:43 - INFO - >>> 82,000 posts ingested...
2025-11-29 11:43 - INFO - >>> 83,000 posts ingested...
2025-11-29 11:44 - INFO - >>> 84,000 posts ingested...
2025-11-29 11:44 - INFO - >>> 85,000 posts ingested...
2025-11-29 11:45 - INFO - >>> 86,000 posts ingested...
2025-11-29 11:45 - INFO - >>> 87,000 posts ingested...
2025-11-29 11:45 - INFO - >>> 88,000 posts ingested...
2025-11-29 11:46 - INFO - >>> 89,000 posts ingested...
2025-11-29 11:46 - INFO - >>> 90,000 posts ingested...
2025-11-29 11:46 - INFO - >>> 91,000 posts ingested...
2025-11-29 11:47 - INFO - >>> 92,000 posts ingested...
2025-11-29 11:47 - INFO - >>> 93,000 posts ingested...
2025-11-29 11:48 - INFO - >>> 94,000 posts ingested...
2025-11-29 11:48 - INFO - >>> 95,000 posts ingested...
2025-11-29 11:48 - INFO - >>> 96,000 posts ingested...
2025-11-29 11:49 - INFO - >>> 97,000 posts ingested...
2025-11-29 11:49 - INFO - >>> 98,000 posts ingested...
2025-11-29 11:49 - INFO - >>> 99,000 posts ingested...
2025-11-29 11:50 - INFO - >>> 100,000 posts ingested...
2025-11-29 11:50 - INFO - Reached target 100,000. Stopping...
2025-11-29 11:50 - INFO - Ingestion complete. Total posts: 100,000
